# JRE version: OpenJDK Runtime Environment (12.0.2+9) (build 12.0.2+9-Ubuntu-116.04)
# Java VM: OpenJDK 64-Bit Server VM (12.0.2+9-Ubuntu-116.04, mixed mode, tiered, compressed oops, g1 gc, linux-amd64)
Heap:
 garbage-first heap   total 450560K, used 76027K [0x00000000c4000000, 0x0000000100000000)
  region size 1024K, 2 young (2048K), 2 survivors (2048K)
 Metaspace       used 45415K, capacity 46580K, committed 46720K, reserved 1089536K
  class space    used 5217K, capacity 5678K, committed 5760K, reserved 1048576K
GC Heap History (10 events):
Event: 218.724 GC heap after
{Heap after GC invocations=141 (full 0):
 garbage-first heap   total 215040K, used 64498K [0x00000000c4000000, 0x0000000100000000)
  region size 1024K, 1 young (1024K), 1 survivors (1024K)
 Metaspace       used 45379K, capacity 46580K, committed 46720K, reserved 1089536K
  class space    used 5217K, capacity 5678K, committed 5760K, reserved 1048576K
}
Event: 220.470 GC heap before
{Heap before GC invocations=141 (full 0):
 garbage-first heap   total 215040K, used 84978K [0x00000000c4000000, 0x0000000100000000)
  region size 1024K, 10 young (10240K), 1 survivors (1024K)
 Metaspace       used 45382K, capacity 46580K, committed 46720K, reserved 1089536K
  class space    used 5217K, capacity 5678K, committed 5760K, reserved 1048576K
}
Event: 220.472 GC heap after
{Heap after GC invocations=142 (full 0):
 garbage-first heap   total 215040K, used 68409K [0x00000000c4000000, 0x0000000100000000)
  region size 1024K, 1 young (1024K), 1 survivors (1024K)
 Metaspace       used 45382K, capacity 46580K, committed 46720K, reserved 1089536K
  class space    used 5217K, capacity 5678K, committed 5760K, reserved 1048576K
}
Event: 222.576 GC heap before
{Heap before GC invocations=142 (full 0):
 garbage-first heap   total 215040K, used 94009K [0x00000000c4000000, 0x0000000100000000)
  region size 1024K, 16 young (16384K), 1 survivors (1024K)
 Metaspace       used 45389K, capacity 46580K, committed 46720K, reserved 1089536K
  class space    used 5217K, capacity 5678K, committed 5760K, reserved 1048576K
}
Event: 222.858 GC heap after
{Heap after GC invocations=143 (full 0):
 garbage-first heap   total 215040K, used 73297K [0x00000000c4000000, 0x0000000100000000)
  region size 1024K, 2 young (2048K), 2 survivors (2048K)
 Metaspace       used 45389K, capacity 46580K, committed 46720K, reserved 1089536K
  class space    used 5217K, capacity 5678K, committed 5760K, reserved 1048576K
}
Event: 227.078 GC heap before
{Heap before GC invocations=144 (full 0):
 garbage-first heap   total 215040K, used 84561K [0x00000000c4000000, 0x0000000100000000)
  region size 1024K, 10 young (10240K), 2 survivors (2048K)
 Metaspace       used 45406K, capacity 46580K, committed 46720K, reserved 1089536K
  class space    used 5217K, capacity 5678K, committed 5760K, reserved 1048576K
}
Event: 227.706 GC heap after
{Heap after GC invocations=145 (full 0):
 garbage-first heap   total 215040K, used 68913K [0x00000000c4000000, 0x0000000100000000)
  region size 1024K, 1 young (1024K), 1 survivors (1024K)
 Metaspace       used 45406K, capacity 46580K, committed 46720K, reserved 1089536K
  class space    used 5217K, capacity 5678K, committed 5760K, reserved 1048576K
}
Event: 241.869 GC heap before
{Heap before GC invocations=145 (full 0):
 garbage-first heap   total 215040K, used 89393K [0x00000000c4000000, 0x0000000100000000)
  region size 1024K, 10 young (10240K), 1 survivors (1024K)
 Metaspace       used 45414K, capacity 46580K, committed 46720K, reserved 1089536K
  class space    used 5217K, capacity 5678K, committed 5760K, reserved 1048576K
}
Event: 243.550 GC heap after
{Heap after GC invocations=146 (full 0):
 garbage-first heap   total 215040K, used 72949K [0x00000000c4000000, 0x0000000100000000)
  region size 1024K, 1 young (1024K), 1 survivors (1024K)
 Metaspace       used 45414K, capacity 46580K, committed 46720K, reserved 1089536K
  class space    used 5217K, capacity 5678K, committed 5760K, reserved 1048576K
}
Event: 246.551 GC heap before
{Heap before GC invocations=146 (full 0):
 garbage-first heap   total 215040K, used 87285K [0x00000000c4000000, 0x0000000100000000)
  region size 1024K, 10 young (10240K), 1 survivors (1024K)
 Metaspace       used 45415K, capacity 46580K, committed 46720K, reserved 1089536K
  class space    used 5217K, capacity 5678K, committed 5760K, reserved 1048576K
}

